
> biztracker-frontend@0.1.0 dev
> vite --host 127.0.0.1 --port 5173


  [32m[1mVITE[22m v5.4.21[39m  [2mready in [0m[1m432[22m[2m[0m ms[22m

  [32m➜[39m  [1mLocal[22m:   [36mhttp://127.0.0.1:[1m5173[22m/[39m
[2m15:42:18[22m [36m[1m[vite][22m[39m [32mhmr update [39m[2m/src/modules/analytics/pages/DashboardPage.tsx[22m
[2m15:42:29[22m [36m[1m[vite][22m[39m [32mhmr update [39m[2m/src/modules/analytics/pages/DashboardPage.tsx[22m
[2m15:42:57[22m [36m[1m[vite][22m[39m [32mhmr update [39m[2m/src/modules/analytics/pages/DashboardPage.tsx[22m
[2m15:43:04[22m [36m[1m[vite][22m[39m [32mhmr update [39m[2m/src/modules/analytics/pages/DashboardPage.tsx[22m
[2m15:43:12[22m [36m[1m[vite][22m[39m [32mhmr update [39m[2m/src/modules/analytics/pages/DashboardPage.tsx[22m
[2m15:43:25[22m [36m[1m[vite][22m[39m [32mhmr update [39m[2m/src/modules/analytics/pages/DashboardPage.tsx[22m
[2m15:44:27[22m [36m[1m[vite][22m[39m [32mhmr update [39m[2m/src/styles/globals.css[22m
[2m15:45:28[22m [36m[1m[vite][22m[39m [32mhmr update [39m[2m/src/modules/demoPos/pages/DemoPosPage.tsx[22m
[2m15:48:46[22m [36m[1m[vite][22m[39m [32mhmr update [39m[2m/src/modules/analytics/pages/DashboardPage.tsx[22m
[2m15:49:58[22m [36m[1m[vite][22m[39m [32mhmr update [39m[2m/src/modules/demoPos/pages/DemoPosPage.tsx[22m
[2m15:53:54[22m [36m[1m[vite][22m[39m [32mhmr update [39m[2m/src/routes/index.tsx, /src/modules/inventory/pages/InventoryOverviewPage.tsx, /src/shared/components/layout/Sidebar.tsx, /src/shared/components/layout/Topbar.tsx[22m
[2m15:54:01[22m [36m[1m[vite][22m[39m [32mhmr update [39m[2m/src/routes/index.tsx[22m
[2m15:54:06[22m [36m[1m[vite][22m[39m [32mhmr update [39m[2m/src/shared/components/layout/Sidebar.tsx[22m
[2m15:54:12[22m [36m[1m[vite][22m[39m [32mhmr update [39m[2m/src/shared/components/layout/Topbar.tsx[22m
[2m15:54:48[22m [36m[1m[vite][22m[39m [32mhmr update [39m[2m/src/styles/globals.css[22m
[2m15:55:03[22m [36m[1m[vite][22m[39m [32mhmr update [39m[2m/src/styles/globals.css[22m
